Arguments: 
  /Users/annacollins1/.nvm/versions/node/v10.15.3/bin/node /usr/local/Cellar/yarn/1.21.1/libexec/bin/yarn.js start

PATH: 
  /Users/annacollins1/.nvm/versions/node/v10.15.3/bin:/usr/local/bin:/usr/bin:/bin:/usr/sbin:/sbin

Yarn version: 
  1.21.1

Node version: 
  10.15.3

Platform: 
  darwin x64

Trace: 
  SyntaxError: /Users/annacollins1/Desktop/codeop/week6/project/mvp/package.json: Unexpected token < in JSON at position 312
      at JSON.parse (<anonymous>)
      at /usr/local/Cellar/yarn/1.21.1/libexec/lib/cli.js:1625:59
      at Generator.next (<anonymous>)
      at step (/usr/local/Cellar/yarn/1.21.1/libexec/lib/cli.js:310:30)
      at /usr/local/Cellar/yarn/1.21.1/libexec/lib/cli.js:321:13

npm manifest: 
  {
    "name": "backend",
    "version": "0.0.0",
    "private": true,
    "scripts": {
      "start": "nodemon ./bin/www",
      "debug": "~2.6.9",
      "dotenv": "^8.2.0",
      "express": "~4.16.1",
      "http-errors": "~1.6.3",
      "morgan": "~1.9.1",
      "mysql": "^2.18.1",
      "nodemon": "^2.0.2"
    },
    "dependencies": {
  <<<<<<< HEAD
      "node-cron": "^2.0.3"
  =======
      "cookie-parser": "^1.4.4",
      "core-util-is": "^1.0.2",
      "dotenv": "^8.2.0",
      "express": "^4.17.1",
      "http-errors": "^1.7.3",
      "morgan": "^1.9.1",
      "mysql": "^2.18.1"
  >>>>>>> upstream
    }
  }

yarn manifest: 
  No manifest

Lockfile: 
  # THIS IS AN AUTOGENERATED FILE. DO NOT EDIT THIS FILE DIRECTLY.
  # yarn lockfile v1
